[0.000000] (-) TimerEvent: {}
[0.004410] (hexapod_ros) JobQueued: {'identifier': 'hexapod_ros', 'dependencies': OrderedDict()}
[0.005035] (hexapod_ros) JobStarted: {'identifier': 'hexapod_ros'}
[0.093298] (-) TimerEvent: {}
[0.194732] (-) TimerEvent: {}
[0.297653] (-) TimerEvent: {}
[0.401430] (-) TimerEvent: {}
[0.505488] (-) TimerEvent: {}
[0.609041] (-) TimerEvent: {}
[0.711725] (-) TimerEvent: {}
[0.813132] (-) TimerEvent: {}
[0.914479] (-) TimerEvent: {}
[1.015958] (-) TimerEvent: {}
[1.117811] (-) TimerEvent: {}
[1.226854] (-) TimerEvent: {}
[1.328538] (-) TimerEvent: {}
[1.430233] (-) TimerEvent: {}
[1.531730] (-) TimerEvent: {}
[1.633127] (-) TimerEvent: {}
[1.734583] (-) TimerEvent: {}
[1.836056] (-) TimerEvent: {}
[1.936884] (-) TimerEvent: {}
[2.038365] (-) TimerEvent: {}
[2.139886] (-) TimerEvent: {}
[2.241186] (-) TimerEvent: {}
[2.342491] (-) TimerEvent: {}
[2.443838] (-) TimerEvent: {}
[2.545096] (-) TimerEvent: {}
[2.646546] (-) TimerEvent: {}
[2.748306] (-) TimerEvent: {}
[2.849786] (-) TimerEvent: {}
[2.951160] (-) TimerEvent: {}
[3.052666] (-) TimerEvent: {}
[3.154101] (-) TimerEvent: {}
[3.255668] (-) TimerEvent: {}
[3.357215] (-) TimerEvent: {}
[3.459248] (-) TimerEvent: {}
[3.564201] (-) TimerEvent: {}
[3.665608] (-) TimerEvent: {}
[3.767231] (-) TimerEvent: {}
[3.868885] (-) TimerEvent: {}
[3.970684] (-) TimerEvent: {}
[4.073034] (-) TimerEvent: {}
[4.177553] (-) TimerEvent: {}
[4.280016] (-) TimerEvent: {}
[4.381376] (-) TimerEvent: {}
[4.482871] (-) TimerEvent: {}
[4.584361] (-) TimerEvent: {}
[4.687737] (-) TimerEvent: {}
[4.791942] (-) TimerEvent: {}
[4.893267] (-) TimerEvent: {}
[4.994193] (-) TimerEvent: {}
[5.095815] (-) TimerEvent: {}
[5.197294] (-) TimerEvent: {}
[5.299398] (-) TimerEvent: {}
[5.403831] (-) TimerEvent: {}
[5.510448] (-) TimerEvent: {}
[5.611814] (-) TimerEvent: {}
[5.713415] (-) TimerEvent: {}
[5.814853] (-) TimerEvent: {}
[5.916560] (-) TimerEvent: {}
[6.017890] (-) TimerEvent: {}
[6.119087] (-) TimerEvent: {}
[6.220523] (-) TimerEvent: {}
[6.321817] (-) TimerEvent: {}
[6.424484] (-) TimerEvent: {}
[6.525737] (-) TimerEvent: {}
[6.627153] (-) TimerEvent: {}
[6.728521] (-) TimerEvent: {}
[6.830921] (-) TimerEvent: {}
[6.932452] (-) TimerEvent: {}
[7.033755] (-) TimerEvent: {}
[7.135031] (-) TimerEvent: {}
[7.236537] (-) TimerEvent: {}
[7.338081] (-) TimerEvent: {}
[7.439802] (-) TimerEvent: {}
[7.541152] (-) TimerEvent: {}
[7.642517] (-) TimerEvent: {}
[7.743976] (-) TimerEvent: {}
[7.845629] (-) TimerEvent: {}
[7.950239] (-) TimerEvent: {}
[8.051684] (-) TimerEvent: {}
[8.153183] (-) TimerEvent: {}
[8.255723] (-) TimerEvent: {}
[8.311380] (hexapod_ros) StderrLine: {'line': b'Traceback (most recent call last):\n  File "/usr/lib/python3/dist-packages/colcon_parallel_executor/executor/parallel.py", line 75, in execute\n    loop.run_until_complete(future)\n  File "/usr/lib/python3.10/asyncio/base_events.py", line 636, in run_until_complete\n    self.run_forever()\n  File "/usr/lib/python3.10/asyncio/base_events.py", line 603, in run_forever\n    self._run_once()\n  File "/usr/lib/python3.10/asyncio/base_events.py", line 1871, in _run_once\n    event_list = self._selector.select(timeout)\n  File "/usr/lib/python3.10/selectors.py", line 469, in select\n    fd_event_list = self._selector.poll(timeout, max_ev)\nKeyboardInterrupt\n\nDuring handling of the above exception, another exception occurred:\n\nTraceback (most recent call last):\n  File "/usr/lib/python3/dist-packages/colcon_core/executor/__init__.py", line 91, in __call__\n    rc = await self.task(*args, **kwargs)\n  File "/usr/lib/python3/dist-packages/colcon_core/task/__init__.py", line 93, in __call__\n    return await task_method(*args, **kwargs)\n  File "/usr/lib/python3/dist-packages/colcon_ros/task/ament_python/build.py", line 102, in build\n    return await extension.build(additional_hooks=additional_hooks)\n  File "/usr/lib/python3/dist-packages/colcon_core/task/python/build.py", line 96, in build\n    available_commands = await self._get_available_commands(\n  File "/usr/lib/python3/dist-packages/colcon_core/task/python/build.py", line 194, in _get_available_commands\n    output = await check_output(\n  File "/usr/lib/python3/dist-packages/colcon_core/subprocess.py", line 129, in check_output\n    assert not rc, f\'Expected {args} to pass: {stderr_data}\'\nAssertionError: Expected [\'/usr/bin/python3\', \'-W\', \'ignore:setup.py install is deprecated\', \'-W\', \'ignore:easy_install command is deprecated\', \'setup.py\', \'--help-commands\'] to pass: Traceback (most recent call last):\n  File "/home/spider/GWEN_V2/SpiderGwen/hexapod/hexapod_ros/hexapod_ros/setup.py", line 4, in <module>\n    setup(\n  File "/usr/lib/python3/dist-packages/setuptools/__init__.py", line 153, in setup\n    return distutils.core.setup(**attrs)\n  File "/usr/lib/python3.10/distutils/core.py", line 134, in setup\n    ok = dist.parse_command_line()\n  File "/usr/lib/python3.10/distutils/dist.py", line 480, in parse_command_line\n    if self.handle_display_options(option_order):\n  File "/usr/lib/python3/dist-packages/setuptools/dist.py", line 1126, in handle_display_options\n    return _Distribution.handle_display_options(self, option_order)\n  File "/usr/lib/python3.10/distutils/dist.py", line 683, in handle_display_options\n    self.print_commands()\n  File "/usr/lib/python3/dist-packages/setuptools/dist.py", line 902, in print_commands\n    cmdclass = ep.resolve()\n  File "/usr/lib/python3/dist-packages/pkg_resources/__init__.py", line 2471, in resolve\n    module = __import__(self.module_name, fromlist=[\'__name__\'], level=0)\n  File "/usr/lib/python3/dist-packages/setuptools/command/develop.py", line 9, in <module>\n    from setuptools.command.easy_install import easy_install\n  File "/usr/lib/python3/dist-packages/setuptools/command/easy_install.py", line 52, in <module>\n    from setuptools.package_index import (\n  File "/usr/lib/python3/dist-packages/setuptools/package_index.py", line 17, in <module>\n    import urllib.request\n  File "<frozen importlib._bootstrap>", line 1027, in _find_and_load\n  File "<frozen importlib._bootstrap>", line 1006, in _find_and_load_unlocked\n  File "<frozen importlib._bootstrap>", line 688, in _load_unlocked\n  File "<frozen importlib._bootstrap_external>", line 879, in exec_module\n  File "<frozen importlib._bootstrap_external>", line 1012, in get_code\n  File "<frozen importlib._bootstrap_external>", line 672, in _compile_bytecode\nKeyboardInterrupt\n\n'}
[8.316549] (hexapod_ros) JobEnded: {'identifier': 'hexapod_ros', 'rc': 'SIGINT'}
[8.324386] (-) EventReactorShutdown: {}
